Info: Starting: Create block symbol file (.bsf)
Info: qsys-generate "D:\University\ownCloud\Project\Cyclone V\Quartus\blank_hps\soc_system.qsys" --block-symbol-file --output-directory="D:\University\ownCloud\Project\Cyclone V\Quartus\blank_hps\soc_system" --family="Cyclone V" --part=5CSXFC6D6F31C6
Progress: Loading blank_hps/soc_system.qsys
Progress: Reading input file
Progress: Adding clk_0 [clock_source 17.1]
Progress: Parameterizing module clk_0
Progress: Adding hps_0 [altera_hps 17.1]
Progress: Parameterizing module hps_0
Progress: Building connections
Progress: Parameterizing connections
Progress: Validating
Progress: Done reading input file
Info: soc_system.hps_0: HPS Main PLL counter settings: n = 0  m = 73
Info: soc_system.hps_0: HPS peripherial PLL counter settings: n = 0  m = 39
Info: soc_system.hps_0: Ensure that valid Cortex A9 boot code is available to the HPS system when enabling boot from FPGA and h2f_axi_master interface is connecting to slave component start at address 0x0.
Info: qsys-generate succeeded.
Info: Finished: Create block symbol file (.bsf)
Info: 
Info: Starting: Create HDL design files for synthesis
Info: qsys-generate "D:\University\ownCloud\Project\Cyclone V\Quartus\blank_hps\soc_system.qsys" --synthesis=VERILOG --output-directory="D:\University\ownCloud\Project\Cyclone V\Quartus\blank_hps\soc_system\synthesis" --family="Cyclone V" --part=5CSXFC6D6F31C6
Progress: Loading blank_hps/soc_system.qsys
Progress: Reading input file
Progress: Adding clk_0 [clock_source 17.1]
Progress: Parameterizing module clk_0
Progress: Adding hps_0 [altera_hps 17.1]
Progress: Parameterizing module hps_0
Progress: Building connections
Progress: Parameterizing connections
Progress: Validating
Progress: Done reading input file
Info: soc_system.hps_0: HPS Main PLL counter settings: n = 0  m = 73
Info: soc_system.hps_0: HPS peripherial PLL counter settings: n = 0  m = 39
Info: soc_system.hps_0: Ensure that valid Cortex A9 boot code is available to the HPS system when enabling boot from FPGA and h2f_axi_master interface is connecting to slave component start at address 0x0.
Info: soc_system: Generating soc_system "soc_system" for QUARTUS_SYNTH
Warning: hps_0.f2h_irq0: Cannot connect clock for irq_mapper.sender
Warning: hps_0.f2h_irq0: Cannot connect reset for irq_mapper.sender
Warning: hps_0.f2h_irq1: Cannot connect clock for irq_mapper_001.sender
Warning: hps_0.f2h_irq1: Cannot connect reset for irq_mapper_001.sender
Info: hps_0: "Running  for module: hps_0"
Info: hps_0: HPS Main PLL counter settings: n = 0  m = 73
Info: hps_0: HPS peripherial PLL counter settings: n = 0  m = 39
Info: hps_0: Ensure that valid Cortex A9 boot code is available to the HPS system when enabling boot from FPGA and h2f_axi_master interface is connecting to slave component start at address 0x0.
Info: hps_0: "soc_system" instantiated altera_hps "hps_0"
Info: irq_mapper: "soc_system" instantiated altera_irq_mapper "irq_mapper"
Info: fpga_interfaces: "hps_0" instantiated altera_interface_generator "fpga_interfaces"
Info: hps_io: "hps_0" instantiated altera_hps_io "hps_io"
Info: border: "hps_io" instantiated altera_interface_generator "border"
Info: soc_system: Done "soc_system" with 6 modules, 49 files
Info: qsys-generate succeeded.
Info: Finished: Create HDL design files for synthesis
